#
# There is insufficient memory for the Java Runtime Environment to continue.
# Native memory allocation (mmap) failed to map 201326592 bytes for G1 virtual space
# Possible reasons:
#   The system is out of physical RAM or swap space
#   The process is running with CompressedOops enabled, and the Java Heap may be blocking the growth of the native heap
# Possible solutions:
#   Reduce memory load on the system
#   Increase physical memory or swap space
#   Check if swap backing store is full
#   Decrease Java heap size (-Xmx/-Xms)
#   Decrease number of Java threads
#   Decrease Java thread stack sizes (-Xss)
#   Set larger code cache with -XX:ReservedCodeCacheSize=
#   JVM is running with Zero Based Compressed Oops mode in which the Java heap is
#     placed in the first 32GB address space. The Java Heap base address is the
#     maximum limit for the native heap growth. Please use -XX:HeapBaseMinAddress
#     to set the Java Heap base and to place the Java Heap above 32GB virtual address.
# This output file may be truncated or incomplete.
#
#  Out of Memory Error (os_windows.cpp:3466), pid=11752, tid=2364
#
# JRE version: OpenJDK Runtime Environment Corretto-16.0.2.7.1 (16.0.2+7) (build 16.0.2+7)
# Java VM: OpenJDK 64-Bit Server VM Corretto-16.0.2.7.1 (16.0.2+7, mixed mode, sharing, tiered, compressed oops, compressed class ptrs, g1 gc, windows-amd64)
# No core dump will be written. Minidumps are not enabled by default on client versions of Windows
#

---------------  S U M M A R Y ------------

Command Line: -Dfabric.dli.config=C:\Users\Administrator\IdeaProjects\halloween\.gradle\loom-cache\launch.cfg -Dfabric.dli.env=client -Dfabric.dli.main=net.fabricmc.loader.launch.knot.KnotClient -XX:+ShowCodeDetailsInExceptionMessages -Dfile.encoding=x-windows-949 -Duser.country=KR -Duser.language=ko -Duser.variant net.fabricmc.devlaunchinjector.Main 

Host: Intel(R) Core(TM) i5-9400F CPU @ 2.90GHz, 6 cores, 15G,  Windows 10 , 64 bit Build 18362 (10.0.18362.329)
Time: Sun Oct 31 15:33:23 2021 대한민국 표준시 elapsed time: 2.584788 seconds (0d 0h 0m 2s)

---------------  T H R E A D  ---------------

Current thread (0x000001907ae845e0):  VMThread "VM Thread" [stack: 0x00000010f5000000,0x00000010f5100000] [id=2364]

Stack: [0x00000010f5000000,0x00000010f5100000]
Native frames: (J=compiled Java code, j=interpreted, Vv=VM code, C=native code)
V  [jvm.dll+0x647e0a]
V  [jvm.dll+0x7f0549]
V  [jvm.dll+0x7f1cfe]
V  [jvm.dll+0x7f2343]
V  [jvm.dll+0x23dd88]
V  [jvm.dll+0x644b4a]
V  [jvm.dll+0x639795]
V  [jvm.dll+0x2f66f9]
V  [jvm.dll+0x2fd516]
V  [jvm.dll+0x34999a]
V  [jvm.dll+0x349bdf]
V  [jvm.dll+0x2cc918]
V  [jvm.dll+0x2ca841]
V  [jvm.dll+0x2c9e6c]
V  [jvm.dll+0x30e642]
V  [jvm.dll+0x7f66fb]
V  [jvm.dll+0x7f72f8]
V  [jvm.dll+0x7f77fd]
V  [jvm.dll+0x7f7ac4]
V  [jvm.dll+0x7f7b8e]
V  [jvm.dll+0x7a223a]
V  [jvm.dll+0x646c46]
C  [ucrtbase.dll+0x20e72]
C  [KERNEL32.DLL+0x17bd4]
C  [ntdll.dll+0x6ced1]

VM_Operation (0x00000010f4afc720): G1CollectForAllocation, mode: safepoint, requested by thread 0x000001905520e450


---------------  P R O C E S S  ---------------

Threads class SMR info:
_java_thread_list=0x000001907c912ae0, length=13, elements={
0x000001905520e450, 0x000001907ae8b8f0, 0x000001907ae8c6c0, 0x000001907b80f410,
0x000001907b811d30, 0x000001907b812640, 0x000001907b812f50, 0x000001907b813b90,
0x000001907b81c070, 0x000001907b89a240, 0x000001907b954080, 0x000001907b95b110,
0x000001907b9f3800
}

Java Threads: ( => current thread )
  0x000001905520e450 JavaThread "main" [_thread_blocked, id=12536, stack(0x00000010f4a00000,0x00000010f4b00000)]
  0x000001907ae8b8f0 JavaThread "Reference Handler" daemon [_thread_blocked, id=2972, stack(0x00000010f5100000,0x00000010f5200000)]
  0x000001907ae8c6c0 JavaThread "Finalizer" daemon [_thread_blocked, id=11612, stack(0x00000010f5200000,0x00000010f5300000)]
  0x000001907b80f410 JavaThread "Signal Dispatcher" daemon [_thread_blocked, id=12592, stack(0x00000010f5300000,0x00000010f5400000)]
  0x000001907b811d30 JavaThread "Attach Listener" daemon [_thread_blocked, id=5344, stack(0x00000010f5400000,0x00000010f5500000)]
  0x000001907b812640 JavaThread "Service Thread" daemon [_thread_blocked, id=1456, stack(0x00000010f5500000,0x00000010f5600000)]
  0x000001907b812f50 JavaThread "Monitor Deflation Thread" daemon [_thread_blocked, id=13204, stack(0x00000010f5600000,0x00000010f5700000)]
  0x000001907b813b90 JavaThread "C2 CompilerThread0" daemon [_thread_blocked, id=128, stack(0x00000010f5700000,0x00000010f5800000)]
  0x000001907b81c070 JavaThread "C1 CompilerThread0" daemon [_thread_blocked, id=12148, stack(0x00000010f5800000,0x00000010f5900000)]
  0x000001907b89a240 JavaThread "Sweeper thread" daemon [_thread_blocked, id=1172, stack(0x00000010f5900000,0x00000010f5a00000)]
  0x000001907b954080 JavaThread "Notification Thread" daemon [_thread_blocked, id=32, stack(0x00000010f5a00000,0x00000010f5b00000)]
  0x000001907b95b110 JavaThread "Common-Cleaner" daemon [_thread_blocked, id=7544, stack(0x00000010f5c00000,0x00000010f5d00000)]
  0x000001907b9f3800 JavaThread "C2 CompilerThread1" daemon [_thread_in_native, id=12688, stack(0x00000010f5d00000,0x00000010f5e00000)]

Other Threads:
=>0x000001907ae845e0 VMThread "VM Thread" [stack: 0x00000010f5000000,0x00000010f5100000] [id=2364]
  0x000001907b9569c0 WatcherThread [stack: 0x00000010f5b00000,0x00000010f5c00000] [id=12692]
  0x00000190574277e0 GCTaskThread "GC Thread#0" [stack: 0x00000010f4b00000,0x00000010f4c00000] [id=2108]
  0x000001907c2bb9b0 GCTaskThread "GC Thread#1" [stack: 0x00000010f5e00000,0x00000010f5f00000] [id=5736]
  0x000001907c0e3570 GCTaskThread "GC Thread#2" [stack: 0x00000010f5f00000,0x00000010f6000000] [id=12736]
  0x000001907c0e3880 GCTaskThread "GC Thread#3" [stack: 0x00000010f6000000,0x00000010f6100000] [id=10772]
  0x000001907c447780 GCTaskThread "GC Thread#4" [stack: 0x00000010f6100000,0x00000010f6200000] [id=3764]
  0x000001907c447a90 GCTaskThread "GC Thread#5" [stack: 0x00000010f6200000,0x00000010f6300000] [id=7436]
  0x0000019057439640 ConcurrentGCThread "G1 Main Marker" [stack: 0x00000010f4c00000,0x00000010f4d00000] [id=7548]
  0x0000019057439fd0 ConcurrentGCThread "G1 Conc#0" [stack: 0x00000010f4d00000,0x00000010f4e00000] [id=8128]
  0x000001905748eb60 ConcurrentGCThread "G1 Refine#0" [stack: 0x00000010f4e00000,0x00000010f4f00000] [id=11960]
  0x000001907ce16270 ConcurrentGCThread "G1 Refine#1" [stack: 0x00000010f6300000,0x00000010f6400000] [id=3660]
  0x000001907ad3b740 ConcurrentGCThread "G1 Service" [stack: 0x00000010f4f00000,0x00000010f5000000] [id=4388]

Threads with active compile tasks:
C2 CompilerThread0     2815 2992       4       org.objectweb.asm.SymbolTable::addConstantMemberReference (147 bytes)
C2 CompilerThread1     2815 2688 %     4       org.objectweb.asm.ClassReader::readCode @ 2185 (5109 bytes)

VM state: at safepoint (normal execution)

VM Mutex/Monitor currently owned by a thread:  ([mutex/lock_event])
[0x000001905520bcb0] Threads_lock - owner thread: 0x000001907ae845e0
[0x000001905520a7e0] Heap_lock - owner thread: 0x000001905520e450

Heap address: 0x0000000701000000, size: 4080 MB, Compressed Oops mode: Zero based, Oop shift amount: 3

CDS archive(s) mapped at: [0x0000000800000000-0x0000000800be0000-0x0000000800be0000), size 12451840, SharedBaseAddress: 0x0000000800000000, ArchiveRelocationMode: 0.
Compressed class space mapped at: 0x0000000800c00000-0x0000000840c00000, reserved size: 1073741824
Narrow klass base: 0x0000000800000000, Narrow klass shift: 3, Narrow klass range: 0x100000000

GC Precious Log:
 CPUs: 6 total, 6 available
 Memory: 16316M
 Large Page Support: Disabled
 NUMA Support: Disabled
 Compressed Oops: Enabled (Zero based)
 Heap Region Size: 2M
 Heap Min Capacity: 8M
 Heap Initial Capacity: 256M
 Heap Max Capacity: 4080M
 Pre-touch: Disabled
 Parallel Workers: 6
 Concurrent Workers: 2
 Concurrent Refinement Workers: 6
 Periodic GC: Disabled

Heap:
 garbage-first heap   total 262144K, used 69388K [0x0000000701000000, 0x0000000800000000)
  region size 2048K, 1 young (2048K), 1 survivors (2048K)
 Metaspace       used 16712K, committed 16960K, reserved 1064960K
  class space    used 1865K, committed 1984K, reserved 1048576K

Heap Regions: E=young(eden), S=young(survivor), O=old, HS=humongous(starts), HC=humongous(continues), CS=collection set, F=free, OA=open archive, CA=closed archive, TAMS=top-at-mark-start (previous, next)
|   0|0x0000000701000000, 0x0000000701200000, 0x0000000701200000|100%|HS|  |TAMS 0x0000000701000000, 0x0000000701000000| Complete 
|   1|0x0000000701200000, 0x0000000701400000, 0x0000000701400000|100%|HS|  |TAMS 0x0000000701200000, 0x0000000701200000| Complete 
|   2|0x0000000701400000, 0x0000000701600000, 0x0000000701600000|100%|HC|  |TAMS 0x0000000701400000, 0x0000000701400000| Complete 
|   3|0x0000000701600000, 0x0000000701800000, 0x0000000701800000|100%| O|  |TAMS 0x0000000701600000, 0x0000000701600000| Untracked 
|   4|0x0000000701800000, 0x0000000701a00000, 0x0000000701a00000|100%| O|  |TAMS 0x0000000701800000, 0x0000000701800000| Untracked 
|   5|0x0000000701a00000, 0x0000000701c00000, 0x0000000701c00000|100%| O|  |TAMS 0x0000000701a00000, 0x0000000701a00000| Untracked 
|   6|0x0000000701c00000, 0x0000000701e00000, 0x0000000701e00000|100%| O|  |TAMS 0x0000000701c00000, 0x0000000701c00000| Untracked 
|   7|0x0000000701e00000, 0x0000000702000000, 0x0000000702000000|100%| O|  |TAMS 0x0000000701e00000, 0x0000000701e00000| Untracked 
|   8|0x0000000702000000, 0x0000000702200000, 0x0000000702200000|100%| O|  |TAMS 0x0000000702000000, 0x0000000702000000| Untracked 
|   9|0x0000000702200000, 0x0000000702400000, 0x0000000702400000|100%| O|  |TAMS 0x0000000702200000, 0x0000000702200000| Untracked 
|  10|0x0000000702400000, 0x0000000702600000, 0x0000000702600000|100%| O|  |TAMS 0x0000000702400000, 0x0000000702400000| Untracked 
|  11|0x0000000702600000, 0x0000000702800000, 0x0000000702800000|100%| O|  |TAMS 0x0000000702600000, 0x0000000702600000| Untracked 
|  12|0x0000000702800000, 0x0000000702a00000, 0x0000000702a00000|100%| O|  |TAMS 0x0000000702800000, 0x0000000702800000| Untracked 
|  13|0x0000000702a00000, 0x0000000702c00000, 0x0000000702c00000|100%| O|  |TAMS 0x0000000702a00000, 0x0000000702a00000| Untracked 
|  14|0x0000000702c00000, 0x0000000702e00000, 0x0000000702e00000|100%| O|  |TAMS 0x0000000702c00000, 0x0000000702c00000| Untracked 
|  15|0x0000000702e00000, 0x0000000703000000, 0x0000000703000000|100%| O|  |TAMS 0x0000000702e00000, 0x0000000702e00000| Untracked 
|  16|0x0000000703000000, 0x0000000703200000, 0x0000000703200000|100%| O|  |TAMS 0x0000000703000000, 0x0000000703000000| Untracked 
|  17|0x0000000703200000, 0x0000000703400000, 0x0000000703400000|100%| O|  |TAMS 0x0000000703200000, 0x0000000703200000| Untracked 
|  18|0x0000000703400000, 0x0000000703600000, 0x0000000703600000|100%| O|  |TAMS 0x0000000703400000, 0x0000000703400000| Untracked 
|  19|0x0000000703600000, 0x0000000703800000, 0x0000000703800000|100%| O|  |TAMS 0x0000000703600000, 0x0000000703600000| Untracked 
|  20|0x0000000703800000, 0x0000000703a00000, 0x0000000703a00000|100%| O|  |TAMS 0x0000000703800000, 0x0000000703800000| Untracked 
|  21|0x0000000703a00000, 0x0000000703c00000, 0x0000000703c00000|100%| O|  |TAMS 0x0000000703a00000, 0x0000000703a00000| Untracked 
|  22|0x0000000703c00000, 0x0000000703e00000, 0x0000000703e00000|100%| O|  |TAMS 0x0000000703c00000, 0x0000000703c00000| Untracked 
|  23|0x0000000703e00000, 0x0000000704000000, 0x0000000704000000|100%| O|  |TAMS 0x0000000703e00000, 0x0000000703e00000| Untracked 
|  24|0x0000000704000000, 0x0000000704200000, 0x0000000704200000|100%| O|  |TAMS 0x0000000704000000, 0x0000000704000000| Untracked 
|  25|0x0000000704200000, 0x0000000704400000, 0x0000000704400000|100%| O|  |TAMS 0x0000000704200000, 0x0000000704200000| Untracked 
|  26|0x0000000704400000, 0x0000000704600000, 0x0000000704600000|100%| O|  |TAMS 0x0000000704400000, 0x0000000704400000| Untracked 
|  27|0x0000000704600000, 0x0000000704800000, 0x0000000704800000|100%| O|  |TAMS 0x0000000704600000, 0x0000000704600000| Untracked 
|  28|0x0000000704800000, 0x0000000704a00000, 0x0000000704a00000|100%| O|  |TAMS 0x0000000704800000, 0x0000000704800000| Untracked 
|  29|0x0000000704a00000, 0x0000000704c00000, 0x0000000704c00000|100%| O|  |TAMS 0x0000000704a00000, 0x0000000704a00000| Untracked 
|  30|0x0000000704c00000, 0x0000000704e00000, 0x0000000704e00000|100%| O|  |TAMS 0x0000000704c00000, 0x0000000704c00000| Untracked 
|  31|0x0000000704e00000, 0x0000000705000000, 0x0000000705000000|100%| O|  |TAMS 0x0000000704e00000, 0x0000000704e00000| Untracked 
|  32|0x0000000705000000, 0x0000000705200000, 0x0000000705200000|100%| O|  |TAMS 0x0000000705000000, 0x0000000705000000| Untracked 
|  33|0x0000000705200000, 0x00000007052ab800, 0x0000000705400000| 33%| O|  |TAMS 0x0000000705200000, 0x0000000705200000| Untracked 
|  34|0x0000000705400000, 0x0000000705400000, 0x0000000705600000|  0%| F|  |TAMS 0x0000000705400000, 0x0000000705400000| Untracked 
|  35|0x0000000705600000, 0x0000000705600000, 0x0000000705800000|  0%| F|  |TAMS 0x0000000705600000, 0x0000000705600000| Untracked 
|  36|0x0000000705800000, 0x0000000705800000, 0x0000000705a00000|  0%| F|  |TAMS 0x0000000705800000, 0x0000000705800000| Untracked 
|  37|0x0000000705a00000, 0x0000000705a00000, 0x0000000705c00000|  0%| F|  |TAMS 0x0000000705a00000, 0x0000000705a00000| Untracked 
|  38|0x0000000705c00000, 0x0000000705c00000, 0x0000000705e00000|  0%| F|  |TAMS 0x0000000705c00000, 0x0000000705c00000| Untracked 
|  39|0x0000000705e00000, 0x0000000705e00000, 0x0000000706000000|  0%| F|  |TAMS 0x0000000705e00000, 0x0000000705e00000| Untracked 
|  40|0x0000000706000000, 0x0000000706000000, 0x0000000706200000|  0%| F|  |TAMS 0x0000000706000000, 0x0000000706000000| Untracked 
|  41|0x0000000706200000, 0x0000000706200000, 0x0000000706400000|  0%| F|  |TAMS 0x0000000706200000, 0x0000000706200000| Untracked 
|  42|0x0000000706400000, 0x0000000706400000, 0x0000000706600000|  0%| F|  |TAMS 0x0000000706400000, 0x0000000706400000| Untracked 
|  43|0x0000000706600000, 0x0000000706600000, 0x0000000706800000|  0%| F|  |TAMS 0x0000000706600000, 0x0000000706600000| Untracked 
|  44|0x0000000706800000, 0x0000000706800000, 0x0000000706a00000|  0%| F|  |TAMS 0x0000000706800000, 0x0000000706800000| Untracked 
|  45|0x0000000706a00000, 0x0000000706a00000, 0x0000000706c00000|  0%| F|  |TAMS 0x0000000706a00000, 0x0000000706a00000| Untracked 
|  46|0x0000000706c00000, 0x0000000706c00000, 0x0000000706e00000|  0%| F|  |TAMS 0x0000000706c00000, 0x0000000706c00000| Untracked 
|  47|0x0000000706e00000, 0x0000000706e00000, 0x0000000707000000|  0%| F|  |TAMS 0x0000000706e00000, 0x0000000706e00000| Untracked 
|  48|0x0000000707000000, 0x0000000707000000, 0x0000000707200000|  0%| F|  |TAMS 0x0000000707000000, 0x0000000707000000| Untracked 
|  49|0x0000000707200000, 0x0000000707200000, 0x0000000707400000|  0%| F|  |TAMS 0x0000000707200000, 0x0000000707200000| Untracked 
|  50|0x0000000707400000, 0x0000000707400000, 0x0000000707600000|  0%| F|  |TAMS 0x0000000707400000, 0x0000000707400000| Untracked 
|  51|0x0000000707600000, 0x0000000707600000, 0x0000000707800000|  0%| F|  |TAMS 0x0000000707600000, 0x0000000707600000| Untracked 
|  52|0x0000000707800000, 0x0000000707800000, 0x0000000707a00000|  0%| F|  |TAMS 0x0000000707800000, 0x0000000707800000| Untracked 
|  53|0x0000000707a00000, 0x0000000707a00000, 0x0000000707c00000|  0%| F|  |TAMS 0x0000000707a00000, 0x0000000707a00000| Untracked 
|  54|0x0000000707c00000, 0x0000000707c00000, 0x0000000707e00000|  0%| F|  |TAMS 0x0000000707c00000, 0x0000000707c00000| Untracked 
|  55|0x0000000707e00000, 0x0000000707e00000, 0x0000000708000000|  0%| F|  |TAMS 0x0000000707e00000, 0x0000000707e00000| Untracked 
|  56|0x0000000708000000, 0x0000000708000000, 0x0000000708200000|  0%| F|  |TAMS 0x0000000708000000, 0x0000000708000000| Untracked 
|  57|0x0000000708200000, 0x0000000708200000, 0x0000000708400000|  0%| F|  |TAMS 0x0000000708200000, 0x0000000708200000| Untracked 
|  58|0x0000000708400000, 0x0000000708400000, 0x0000000708600000|  0%| F|  |TAMS 0x0000000708400000, 0x0000000708400000| Untracked 
|  59|0x0000000708600000, 0x0000000708600000, 0x0000000708800000|  0%| F|  |TAMS 0x0000000708600000, 0x0000000708600000| Untracked 
|  60|0x0000000708800000, 0x0000000708800000, 0x0000000708a00000|  0%| F|  |TAMS 0x0000000708800000, 0x0000000708800000| Untracked 
|  61|0x0000000708a00000, 0x0000000708a00000, 0x0000000708c00000|  0%| F|  |TAMS 0x0000000708a00000, 0x0000000708a00000| Untracked 
|  62|0x0000000708c00000, 0x0000000708c00000, 0x0000000708e00000|  0%| F|  |TAMS 0x0000000708c00000, 0x0000000708c00000| Untracked 
|  63|0x0000000708e00000, 0x0000000708e00000, 0x0000000709000000|  0%| F|  |TAMS 0x0000000708e00000, 0x0000000708e00000| Untracked 
|  64|0x0000000709000000, 0x0000000709000000, 0x0000000709200000|  0%| F|  |TAMS 0x0000000709000000, 0x0000000709000000| Untracked 
|  65|0x0000000709200000, 0x0000000709200000, 0x0000000709400000|  0%| F|  |TAMS 0x0000000709200000, 0x0000000709200000| Untracked 
|  66|0x0000000709400000, 0x0000000709400000, 0x0000000709600000|  0%| F|  |TAMS 0x0000000709400000, 0x0000000709400000| Untracked 
|  67|0x0000000709600000, 0x0000000709600000, 0x0000000709800000|  0%| F|  |TAMS 0x0000000709600000, 0x0000000709600000| Untracked 
|  68|0x0000000709800000, 0x0000000709800000, 0x0000000709a00000|  0%| F|  |TAMS 0x0000000709800000, 0x0000000709800000| Untracked 
|  69|0x0000000709a00000, 0x0000000709a00000, 0x0000000709c00000|  0%| F|  |TAMS 0x0000000709a00000, 0x0000000709a00000| Untracked 
|  70|0x0000000709c00000, 0x0000000709c00000, 0x0000000709e00000|  0%| F|  |TAMS 0x0000000709c00000, 0x0000000709c00000| Untracked 
|  71|0x0000000709e00000, 0x0000000709e00000, 0x000000070a000000|  0%| F|  |TAMS 0x0000000709e00000, 0x0000000709e00000| Untracked 
|  72|0x000000070a000000, 0x000000070a000000, 0x000000070a200000|  0%| F|  |TAMS 0x000000070a000000, 0x000000070a000000| Untracked 
|  73|0x000000070a200000, 0x000000070a200000, 0x000000070a400000|  0%| F|  |TAMS 0x000000070a200000, 0x000000070a200000| Untracked 
|  74|0x000000070a400000, 0x000000070a400000, 0x000000070a600000|  0%| F|  |TAMS 0x000000070a400000, 0x000000070a400000| Untracked 
|  75|0x000000070a600000, 0x000000070a600000, 0x000000070a800000|  0%| F|  |TAMS 0x000000070a600000, 0x000000070a600000| Untracked 
|  76|0x000000070a800000, 0x000000070a800000, 0x000000070aa00000|  0%| F|  |TAMS 0x000000070a800000, 0x000000070a800000| Untracked 
|  77|0x000000070aa00000, 0x000000070aa00000, 0x000000070ac00000|  0%| F|  |TAMS 0x000000070aa00000, 0x000000070aa00000| Untracked 
|  78|0x000000070ac00000, 0x000000070ac00000, 0x000000070ae00000|  0%| F|  |TAMS 0x000000070ac00000, 0x000000070ac00000| Untracked 
|  79|0x000000070ae00000, 0x000000070ae00000, 0x000000070b000000|  0%| F|  |TAMS 0x000000070ae00000, 0x000000070ae00000| Untracked 
|  80|0x000000070b000000, 0x000000070b000000, 0x000000070b200000|  0%| F|  |TAMS 0x000000070b000000, 0x000000070b000000| Untracked 
|  81|0x000000070b200000, 0x000000070b200000, 0x000000070b400000|  0%| F|  |TAMS 0x000000070b200000, 0x000000070b200000| Untracked 
|  82|0x000000070b400000, 0x000000070b400000, 0x000000070b600000|  0%| F|  |TAMS 0x000000070b400000, 0x000000070b400000| Untracked 
|  83|0x000000070b600000, 0x000000070b600000, 0x000000070b800000|  0%| F|  |TAMS 0x000000070b600000, 0x000000070b600000| Untracked 
|  84|0x000000070b800000, 0x000000070b800000, 0x000000070ba00000|  0%| F|  |TAMS 0x000000070b800000, 0x000000070b800000| Untracked 
|  85|0x000000070ba00000, 0x000000070ba00000, 0x000000070bc00000|  0%| F|  |TAMS 0x000000070ba00000, 0x000000070ba00000| Untracked 
|  86|0x000000070bc00000, 0x000000070bc00000, 0x000000070be00000|  0%| F|  |TAMS 0x000000070bc00000, 0x000000070bc00000| Untracked 
|  87|0x000000070be00000, 0x000000070be00000, 0x000000070c000000|  0%| F|  |TAMS 0x000000070be00000, 0x000000070be00000| Untracked 
|  88|0x000000070c000000, 0x000000070c000000, 0x000000070c200000|  0%| F|  |TAMS 0x000000070c000000, 0x000000070c000000| Untracked 
|  89|0x000000070c200000, 0x000000070c200000, 0x000000070c400000|  0%| F|  |TAMS 0x000000070c200000, 0x000000070c200000| Untracked 
|  90|0x000000070c400000, 0x000000070c400000, 0x000000070c600000|  0%| F|  |TAMS 0x000000070c400000, 0x000000070c400000| Untracked 
|  91|0x000000070c600000, 0x000000070c600000, 0x000000070c800000|  0%| F|  |TAMS 0x000000070c600000, 0x000000070c600000| Untracked 
|  92|0x000000070c800000, 0x000000070c800000, 0x000000070ca00000|  0%| F|  |TAMS 0x000000070c800000, 0x000000070c800000| Untracked 
|  93|0x000000070ca00000, 0x000000070ca00000, 0x000000070cc00000|  0%| F|  |TAMS 0x000000070ca00000, 0x000000070ca00000| Untracked 
|  94|0x000000070cc00000, 0x000000070cc00000, 0x000000070ce00000|  0%| F|  |TAMS 0x000000070cc00000, 0x000000070cc00000| Untracked 
|  95|0x000000070ce00000, 0x000000070ce00000, 0x000000070d000000|  0%| F|  |TAMS 0x000000070ce00000, 0x000000070ce00000| Untracked 
|  96|0x000000070d000000, 0x000000070d000000, 0x000000070d200000|  0%| F|  |TAMS 0x000000070d000000, 0x000000070d000000| Untracked 
|  97|0x000000070d200000, 0x000000070d200000, 0x000000070d400000|  0%| F|  |TAMS 0x000000070d200000, 0x000000070d200000| Untracked 
|  98|0x000000070d400000, 0x000000070d400000, 0x000000070d600000|  0%| F|  |TAMS 0x000000070d400000, 0x000000070d400000| Untracked 
|  99|0x000000070d600000, 0x000000070d600000, 0x000000070d800000|  0%| F|  |TAMS 0x000000070d600000, 0x000000070d600000| Untracked 
| 100|0x000000070d800000, 0x000000070d800000, 0x000000070da00000|  0%| F|  |TAMS 0x000000070d800000, 0x000000070d800000| Untracked 
| 101|0x000000070da00000, 0x000000070da00000, 0x000000070dc00000|  0%| F|  |TAMS 0x000000070da00000, 0x000000070da00000| Untracked 
| 102|0x000000070dc00000, 0x000000070dc00000, 0x000000070de00000|  0%| F|  |TAMS 0x000000070dc00000, 0x000000070dc00000| Untracked 
| 103|0x000000070de00000, 0x000000070de00000, 0x000000070e000000|  0%| F|  |TAMS 0x000000070de00000, 0x000000070de00000| Untracked 
| 104|0x000000070e000000, 0x000000070e000000, 0x000000070e200000|  0%| F|  |TAMS 0x000000070e000000, 0x000000070e000000| Untracked 
| 105|0x000000070e200000, 0x000000070e200000, 0x000000070e400000|  0%| F|  |TAMS 0x000000070e200000, 0x000000070e200000| Untracked 
| 106|0x000000070e400000, 0x000000070e400000, 0x000000070e600000|  0%| F|  |TAMS 0x000000070e400000, 0x000000070e400000| Untracked 
| 107|0x000000070e600000, 0x000000070e600000, 0x000000070e800000|  0%| F|  |TAMS 0x000000070e600000, 0x000000070e600000| Untracked 
| 108|0x000000070e800000, 0x000000070e800000, 0x000000070ea00000|  0%| F|  |TAMS 0x000000070e800000, 0x000000070e800000| Untracked 
| 109|0x000000070ea00000, 0x000000070ea00000, 0x000000070ec00000|  0%| F|  |TAMS 0x000000070ea00000, 0x000000070ea00000| Untracked 
| 110|0x000000070ec00000, 0x000000070ec00000, 0x000000070ee00000|  0%| F|  |TAMS 0x000000070ec00000, 0x000000070ec00000| Untracked 
| 111|0x000000070ee00000, 0x000000070ee00000, 0x000000070f000000|  0%| F|  |TAMS 0x000000070ee00000, 0x000000070ee00000| Untracked 
| 112|0x000000070f000000, 0x000000070f000000, 0x000000070f200000|  0%| F|  |TAMS 0x000000070f000000, 0x000000070f000000| Untracked 
| 113|0x000000070f200000, 0x000000070f200000, 0x000000070f400000|  0%| F|  |TAMS 0x000000070f200000, 0x000000070f200000| Untracked 
| 114|0x000000070f400000, 0x000000070f400000, 0x000000070f600000|  0%| F|  |TAMS 0x000000070f400000, 0x000000070f400000| Untracked 
| 115|0x000000070f600000, 0x000000070f600000, 0x000000070f800000|  0%| F|  |TAMS 0x000000070f600000, 0x000000070f600000| Untracked 
| 116|0x000000070f800000, 0x000000070f800000, 0x000000070fa00000|  0%| F|  |TAMS 0x000000070f800000, 0x000000070f800000| Untracked 
| 117|0x000000070fa00000, 0x000000070fa00000, 0x000000070fc00000|  0%| F|  |TAMS 0x000000070fa00000, 0x000000070fa00000| Untracked 
| 118|0x000000070fc00000, 0x000000070fc00000, 0x000000070fe00000|  0%| F|  |TAMS 0x000000070fc00000, 0x000000070fc00000| Untracked 
| 119|0x000000070fe00000, 0x000000070fe00000, 0x0000000710000000|  0%| F|  |TAMS 0x000000070fe00000, 0x000000070fe00000| Untracked 
| 120|0x0000000710000000, 0x0000000710000000, 0x0000000710200000|  0%| F|  |TAMS 0x0000000710000000, 0x0000000710000000| Untracked 
| 121|0x0000000710200000, 0x0000000710317880, 0x0000000710400000| 54%| S|CS|TAMS 0x0000000710200000, 0x0000000710200000| Complete 
| 122|0x0000000710400000, 0x0000000710400000, 0x0000000710600000|  0%| F|  |TAMS 0x0000000710400000, 0x0000000710400000| Untracked 
| 123|0x0000000710600000, 0x0000000710600000, 0x0000000710800000|  0%| F|  |TAMS 0x0000000710600000, 0x0000000710600000| Untracked 
| 124|0x0000000710800000, 0x0000000710800000, 0x0000000710a00000|  0%| F|  |TAMS 0x0000000710800000, 0x0000000710800000| Untracked 
| 125|0x0000000710a00000, 0x0000000710a00000, 0x0000000710c00000|  0%| F|  |TAMS 0x0000000710a00000, 0x0000000710a00000| Untracked 
| 126|0x0000000710c00000, 0x0000000710c00000, 0x0000000710e00000|  0%| F|  |TAMS 0x0000000710c00000, 0x0000000710c00000| Untracked 
| 127|0x0000000710e00000, 0x0000000710e00000, 0x0000000711000000|  0%| F|  |TAMS 0x0000000710e00000, 0x0000000710e00000| Untracked 

Card table byte_map: [0x000001906f6a0000,0x000001906fea0000] _byte_map_base: 0x000001906be98000

Marking Bits (Prev, Next): (CMBitMap*) 0x0000019057428d70, (CMBitMap*) 0x0000019057428db0
 Prev Bits: [0x00000190706a0000, 0x0000019074660000)
 Next Bits: [0x0000019074660000, 0x0000019078620000)

Polling page: 0x0000019055370000

Metaspace:

Usage:
  Non-class:     14.50 MB used.
      Class:      1.82 MB used.
       Both:     16.32 MB used.

Virtual space:
  Non-class space:       16.00 MB reserved,      14.63 MB ( 91%) committed,  2 nodes.
      Class space:        1.00 GB reserved,       1.94 MB ( <1%) committed,  1 nodes.
              Both:        1.02 GB reserved,      16.56 MB (  2%) committed. 

Chunk freelists:
   Non-Class:  1008.00 KB
       Class:  2.06 MB
        Both:  3.05 MB

MaxMetaspaceSize: 17179869184.00 GB
CompressedClassSpaceSize: 1.00 GB
 - commit_granule_bytes: 65536.
 - commit_granule_words: 8192.
 - virtual_space_node_default_size: 1048576.
 - enlarge_chunks_in_place: 1.
 - new_chunks_are_fully_committed: 0.
 - uncommit_free_chunks: 1.
 - use_allocation_guard: 0.
 - handle_deallocations: 1.


Internal statistics:

num_allocs_failed_limit: 0.
num_arena_births: 188.
num_arena_deaths: 0.
num_vsnodes_births: 3.
num_vsnodes_deaths: 0.
num_space_committed: 265.
num_space_uncommitted: 0.
num_chunks_returned_to_freelist: 0.
num_chunks_taken_from_freelist: 622.
num_chunk_merges: 0.
num_chunk_splits: 421.
num_chunks_enlarged: 302.
num_purges: 0.

CodeHeap 'non-profiled nmethods': size=120000Kb used=1501Kb max_used=1501Kb free=118498Kb
 bounds [0x0000019067850000, 0x0000019067ac0000, 0x000001906ed80000]
CodeHeap 'profiled nmethods': size=120000Kb used=5988Kb max_used=5988Kb free=114011Kb
 bounds [0x0000019060320000, 0x0000019060900000, 0x0000019067850000]
CodeHeap 'non-nmethods': size=5760Kb used=1266Kb max_used=1323Kb free=4493Kb
 bounds [0x000001905fd80000, 0x000001905fff0000, 0x0000019060320000]
 total_blobs=3650 nmethods=3077 adapters=485
 compilation: enabled
              stopped_count=0, restarted_count=0
 full_count=0

Compilation events (20 events):
Event: 2.413 Thread 0x000001907b81c070 3100       2       sun.nio.fs.WindowsPath::equals (30 bytes)
Event: 2.413 Thread 0x000001907b81c070 nmethod 3100 0x00000190608f4410 code [0x00000190608f45c0, 0x00000190608f47e8]
Event: 2.416 Thread 0x000001907b81c070 3103       2       org.objectweb.asm.MethodVisitor::visitLineNumber (17 bytes)
Event: 2.416 Thread 0x000001907b81c070 nmethod 3103 0x00000190608f4890 code [0x00000190608f4a40, 0x00000190608f4b88]
Event: 2.416 Thread 0x000001907b81c070 3104       2       org.objectweb.asm.MethodVisitor::visitInsn (16 bytes)
Event: 2.417 Thread 0x000001907b81c070 nmethod 3104 0x00000190608f4c10 code [0x00000190608f4dc0, 0x00000190608f4f08]
Event: 2.417 Thread 0x000001907b81c070 3105       1       net.fabricmc.accesswidener.AccessWidenerVisitor::access$000 (5 bytes)
Event: 2.417 Thread 0x000001907b81c070 nmethod 3105 0x00000190679c7210 code [0x00000190679c73a0, 0x00000190679c7458]
Event: 2.417 Thread 0x000001907b81c070 3106       2       java.util.HashMap::getOrDefault (19 bytes)
Event: 2.417 Thread 0x000001907b81c070 nmethod 3106 0x00000190608f4f90 code [0x00000190608f5140, 0x00000190608f5288]
Event: 2.430 Thread 0x000001907b81c070 3108       2       java.io.FilePermission::<init> (14 bytes)
Event: 2.431 Thread 0x000001907b81c070 nmethod 3108 0x00000190608f5390 code [0x00000190608f5540, 0x00000190608f56d8]
Event: 2.431 Thread 0x000001907b81c070 3109       2       java.io.FilePermission::getMask (953 bytes)
Event: 2.433 Thread 0x000001907b81c070 nmethod 3109 0x00000190608f5790 code [0x00000190608f5a80, 0x00000190608f6ab8]
Event: 2.433 Thread 0x000001907b81c070 3110       2       sun.net.www.protocol.file.FileURLConnection::getPermission (106 bytes)
Event: 2.434 Thread 0x000001907b81c070 nmethod 3110 0x00000190608f7210 code [0x00000190608f7440, 0x00000190608f7a48]
Event: 2.435 Thread 0x000001907b81c070 3111       2       org.spongepowered.asm.util.perf.Profiler::begin (237 bytes)
Event: 2.436 Thread 0x000001907b81c070 nmethod 3111 0x00000190608f7e10 code [0x00000190608f80c0, 0x00000190608f8888]
Event: 2.441 Thread 0x000001907b81c070 3113       2       java.net.URL::<init> (7 bytes)
Event: 2.442 Thread 0x000001907b81c070 nmethod 3113 0x00000190608f8e10 code [0x00000190608f8fc0, 0x00000190608f90e8]

GC Heap History (11 events):
Event: 0.420 GC heap before
{Heap before GC invocations=0 (full 0):
 garbage-first heap   total 262144K, used 26624K [0x0000000701000000, 0x0000000800000000)
  region size 2048K, 10 young (20480K), 0 survivors (0K)
 Metaspace       used 3277K, committed 3456K, reserved 1056768K
  class space    used 334K, committed 448K, reserved 1048576K
}
Event: 0.434 GC heap after
{Heap after GC invocations=1 (full 0):
 garbage-first heap   total 262144K, used 10523K [0x0000000701000000, 0x0000000800000000)
  region size 2048K, 2 young (4096K), 2 survivors (4096K)
 Metaspace       used 3277K, committed 3456K, reserved 1056768K
  class space    used 334K, committed 448K, reserved 1048576K
}
Event: 0.947 GC heap before
{Heap before GC invocations=1 (full 0):
 garbage-first heap   total 262144K, used 39195K [0x0000000701000000, 0x0000000800000000)
  region size 2048K, 14 young (28672K), 2 survivors (4096K)
 Metaspace       used 10963K, committed 11200K, reserved 1064960K
  class space    used 1234K, committed 1344K, reserved 1048576K
}
Event: 0.951 GC heap after
{Heap after GC invocations=2 (full 0):
 garbage-first heap   total 262144K, used 18006K [0x0000000701000000, 0x0000000800000000)
  region size 2048K, 2 young (4096K), 2 survivors (4096K)
 Metaspace       used 10963K, committed 11200K, reserved 1064960K
  class space    used 1234K, committed 1344K, reserved 1048576K
}
Event: 2.073 GC heap before
{Heap before GC invocations=2 (full 0):
 garbage-first heap   total 262144K, used 169558K [0x0000000701000000, 0x0000000800000000)
  region size 2048K, 76 young (155648K), 2 survivors (4096K)
 Metaspace       used 16358K, committed 16576K, reserved 1064960K
  class space    used 1859K, committed 1984K, reserved 1048576K
}
Event: 2.110 GC heap after
{Heap after GC invocations=3 (full 0):
 garbage-first heap   total 262144K, used 61892K [0x0000000701000000, 0x0000000800000000)
  region size 2048K, 10 young (20480K), 10 survivors (20480K)
 Metaspace       used 16358K, committed 16576K, reserved 1064960K
  class space    used 1859K, committed 1984K, reserved 1048576K
}
Event: 2.353 GC heap before
{Heap before GC invocations=3 (full 0):
 garbage-first heap   total 262144K, used 117188K [0x0000000701000000, 0x0000000800000000)
  region size 2048K, 37 young (75776K), 10 survivors (20480K)
 Metaspace       used 16655K, committed 16896K, reserved 1064960K
  class space    used 1865K, committed 1984K, reserved 1048576K
}
Event: 2.369 GC heap after
{Heap after GC invocations=4 (full 0):
 garbage-first heap   total 262144K, used 68826K [0x0000000701000000, 0x0000000800000000)
  region size 2048K, 3 young (6144K), 3 survivors (6144K)
 Metaspace       used 16655K, committed 16896K, reserved 1064960K
  class space    used 1865K, committed 1984K, reserved 1048576K
}
Event: 2.392 GC heap before
{Heap before GC invocations=4 (full 0):
 garbage-first heap   total 262144K, used 74970K [0x0000000701000000, 0x0000000800000000)
  region size 2048K, 6 young (12288K), 3 survivors (6144K)
 Metaspace       used 16688K, committed 16896K, reserved 1064960K
  class space    used 1865K, committed 1984K, reserved 1048576K
}
Event: 2.396 GC heap after
{Heap after GC invocations=5 (full 0):
 garbage-first heap   total 262144K, used 69063K [0x0000000701000000, 0x0000000800000000)
  region size 2048K, 1 young (2048K), 1 survivors (2048K)
 Metaspace       used 16688K, committed 16896K, reserved 1064960K
  class space    used 1865K, committed 1984K, reserved 1048576K
}
Event: 2.443 GC heap before
{Heap before GC invocations=5 (full 0):
 garbage-first heap   total 262144K, used 79303K [0x0000000701000000, 0x0000000800000000)
  region size 2048K, 6 young (12288K), 1 survivors (2048K)
 Metaspace       used 16712K, committed 16960K, reserved 1064960K
  class space    used 1865K, committed 1984K, reserved 1048576K
}

Deoptimization events (20 events):
Event: 2.231 Thread 0x000001905520e450 DEOPT PACKING pc=0x000001906053648c sp=0x00000010f4afdaa0
Event: 2.231 Thread 0x000001905520e450 DEOPT UNPACKING pc=0x000001905fdcdece sp=0x00000010f4afd020 mode 0
Event: 2.250 Thread 0x000001905520e450 DEOPT PACKING pc=0x00000190607c7398 sp=0x00000010f4afdd60
Event: 2.250 Thread 0x000001905520e450 DEOPT UNPACKING pc=0x000001905fdcdece sp=0x00000010f4afd268 mode 0
Event: 2.269 Thread 0x000001905520e450 DEOPT PACKING pc=0x00000190607c7398 sp=0x00000010f4afdc40
Event: 2.269 Thread 0x000001905520e450 DEOPT UNPACKING pc=0x000001905fdcdece sp=0x00000010f4afd148 mode 0
Event: 2.286 Thread 0x000001905520e450 DEOPT PACKING pc=0x000001906053648c sp=0x00000010f4afdaa0
Event: 2.286 Thread 0x000001905520e450 DEOPT UNPACKING pc=0x000001905fdcdece sp=0x00000010f4afd020 mode 0
Event: 2.338 Thread 0x000001905520e450 DEOPT PACKING pc=0x00000190607c7398 sp=0x00000010f4afdcb0
Event: 2.338 Thread 0x000001905520e450 DEOPT UNPACKING pc=0x000001905fdcdece sp=0x00000010f4afd1b8 mode 0
Event: 2.379 Thread 0x000001905520e450 DEOPT PACKING pc=0x000001906053648c sp=0x00000010f4afda90
Event: 2.379 Thread 0x000001905520e450 DEOPT UNPACKING pc=0x000001905fdcdece sp=0x00000010f4afd010 mode 0
Event: 2.396 Thread 0x000001905520e450 DEOPT PACKING pc=0x00000190607c7398 sp=0x00000010f4afdc30
Event: 2.396 Thread 0x000001905520e450 DEOPT UNPACKING pc=0x000001905fdcdece sp=0x00000010f4afd138 mode 0
Event: 2.408 Thread 0x000001905520e450 DEOPT PACKING pc=0x000001906088306f sp=0x00000010f4afe260
Event: 2.408 Thread 0x000001905520e450 DEOPT UNPACKING pc=0x000001905fdcdece sp=0x00000010f4afd720 mode 0
Event: 2.418 Thread 0x000001905520e450 DEOPT PACKING pc=0x00000190607c7398 sp=0x00000010f4afdc30
Event: 2.418 Thread 0x000001905520e450 DEOPT UNPACKING pc=0x000001905fdcdece sp=0x00000010f4afd138 mode 0
Event: 2.421 Thread 0x000001905520e450 DEOPT PACKING pc=0x000001906053648c sp=0x00000010f4afd970
Event: 2.421 Thread 0x000001905520e450 DEOPT UNPACKING pc=0x000001905fdcdece sp=0x00000010f4afcef0 mode 0

Classes unloaded (0 events):
No events

Classes redefined (0 events):
No events

Internal exceptions (20 events):
Event: 1.101 Thread 0x000001907c707770 Exception <a 'java/lang/NoSuchMethodError'{0x0000000710020280}: 'java.lang.Object java.lang.invoke.DirectMethodHandle$Holder.invokeStatic(java.lang.Object, int, java.lang.Object)'> (0x0000000710020280) 
thrown [c:\wsjdk\correttojdksrc\installers\windows\zip\corretto-build\buildroot\src\hotspot\share\interpreter\linkResolver.cpp, line 790]
Event: 1.113 Thread 0x000001907c707770 Exception <a 'java/lang/NoSuchMethodError'{0x0000000710056f68}: 'java.lang.Object java.lang.invoke.DirectMethodHandle$Holder.invokeStaticInit(java.lang.Object, int)'> (0x0000000710056f68) 
thrown [c:\wsjdk\correttojdksrc\installers\windows\zip\corretto-build\buildroot\src\hotspot\share\interpreter\linkResolver.cpp, line 790]
Event: 1.115 Thread 0x000001907c707770 Exception <a 'sun/nio/fs/WindowsException'{0x0000000710066728}> (0x0000000710066728) 
thrown [c:\wsjdk\correttojdksrc\installers\windows\zip\corretto-build\buildroot\src\hotspot\share\prims\jni.cpp, line 579]
Event: 1.115 Thread 0x000001907c707770 Exception <a 'sun/nio/fs/WindowsException'{0x0000000710066dd8}> (0x0000000710066dd8) 
thrown [c:\wsjdk\correttojdksrc\installers\windows\zip\corretto-build\buildroot\src\hotspot\share\prims\jni.cpp, line 579]
Event: 1.115 Thread 0x000001907c707770 Exception <a 'sun/nio/fs/WindowsException'{0x0000000710067128}> (0x0000000710067128) 
thrown [c:\wsjdk\correttojdksrc\installers\windows\zip\corretto-build\buildroot\src\hotspot\share\prims\jni.cpp, line 579]
Event: 1.322 Thread 0x000001905520e450 Exception <a 'java/lang/NoSuchMethodError'{0x000000070fc85970}: 'int java.lang.invoke.DirectMethodHandle$Holder.invokeVirtual(java.lang.Object, java.lang.Object)'> (0x000000070fc85970) 
thrown [c:\wsjdk\correttojdksrc\installers\windows\zip\corretto-build\buildroot\src\hotspot\share\interpreter\linkResolver.cpp, line 790]
Event: 1.531 Thread 0x000001905520e450 Exception <a 'java/lang/NoSuchMethodError'{0x000000070bc1a358}: 'int java.lang.invoke.DirectMethodHandle$Holder.invokeStaticInit(java.lang.Object, int, java.lang.Object, int)'> (0x000000070bc1a358) 
thrown [c:\wsjdk\correttojdksrc\installers\windows\zip\corretto-build\buildroot\src\hotspot\share\interpreter\linkResolver.cpp, line 790]
Event: 1.547 Thread 0x000001905520e450 Exception <a 'java/lang/NoClassDefFoundError'{0x000000070bcba390}: net/minecraft/launchwrapper/Launch> (0x000000070bcba390) 
thrown [c:\wsjdk\correttojdksrc\installers\windows\zip\corretto-build\buildroot\src\hotspot\share\classfile\systemDictionary.cpp, line 245]
Event: 1.548 Thread 0x000001905520e450 Exception <a 'java/lang/NoClassDefFoundError'{0x000000070bccafe8}: cpw/mods/modlauncher/Launcher> (0x000000070bccafe8) 
thrown [c:\wsjdk\correttojdksrc\installers\windows\zip\corretto-build\buildroot\src\hotspot\share\classfile\systemDictionary.cpp, line 245]
Event: 1.552 Thread 0x000001905520e450 Exception <a 'java/lang/NoClassDefFoundError'{0x000000070bd09ef8}: net/minecraft/launchwrapper/LaunchClassLoader> (0x000000070bd09ef8) 
thrown [c:\wsjdk\correttojdksrc\installers\windows\zip\corretto-build\buildroot\src\hotspot\share\classfile\systemDictionary.cpp, line 245]
Event: 1.555 Thread 0x000001905520e450 Exception <a 'java/lang/NoClassDefFoundError'{0x000000070bd27d48}: cpw/mods/modlauncher/Launcher> (0x000000070bd27d48) 
thrown [c:\wsjdk\correttojdksrc\installers\windows\zip\corretto-build\buildroot\src\hotspot\share\classfile\systemDictionary.cpp, line 245]
Event: 1.559 Thread 0x000001905520e450 Exception <a 'java/lang/NoClassDefFoundError'{0x000000070bd59e00}: net/minecraft/launchwrapper/Launch> (0x000000070bd59e00) 
thrown [c:\wsjdk\correttojdksrc\installers\windows\zip\corretto-build\buildroot\src\hotspot\share\classfile\systemDictionary.cpp, line 245]
Event: 1.559 Thread 0x000001905520e450 Exception <a 'java/lang/reflect/InvocationTargetException'{0x000000070bd5a0d0}> (0x000000070bd5a0d0) 
thrown [c:\wsjdk\correttojdksrc\installers\windows\zip\corretto-build\buildroot\src\hotspot\share\runtime\reflection.cpp, line 1157]
Event: 1.559 Thread 0x000001905520e450 Exception <a 'java/lang/NoClassDefFoundError'{0x000000070bd61988}: cpw/mods/modlauncher/Launcher> (0x000000070bd61988) 
thrown [c:\wsjdk\correttojdksrc\installers\windows\zip\corretto-build\buildroot\src\hotspot\share\classfile\systemDictionary.cpp, line 245]
Event: 1.559 Thread 0x000001905520e450 Exception <a 'java/lang/reflect/InvocationTargetException'{0x000000070bd61c58}> (0x000000070bd61c58) 
thrown [c:\wsjdk\correttojdksrc\installers\windows\zip\corretto-build\buildroot\src\hotspot\share\runtime\reflection.cpp, line 1157]
Event: 1.865 Thread 0x000001905520e450 Exception <a 'java/lang/NoSuchMethodError'{0x000000070800f458}: 'java.lang.Object java.lang.invoke.DirectMethodHandle$Holder.invokeStaticInit(java.lang.Object, int, int, int, int)'> (0x000000070800f458) 
thrown [c:\wsjdk\correttojdksrc\installers\windows\zip\corretto-build\buildroot\src\hotspot\share\interpreter\linkResolver.cpp, line 790]
Event: 1.953 Thread 0x000001905520e450 Exception <a 'java/lang/NoSuchMethodError'{0x000000070802c5d0}: 'java.lang.Object java.lang.invoke.DirectMethodHandle$Holder.invokeStaticInit(java.lang.Object, java.lang.Object, int, int, int, int)'> (0x000000070802c5d0) 
thrown [c:\wsjdk\correttojdksrc\installers\windows\zip\corretto-build\buildroot\src\hotspot\share\interpreter\linkResolver.cpp, line 790]
Event: 1.965 Thread 0x000001905520e450 Exception <a 'sun/nio/fs/WindowsException'{0x00000007080d1450}> (0x00000007080d1450) 
thrown [c:\wsjdk\correttojdksrc\installers\windows\zip\corretto-build\buildroot\src\hotspot\share\prims\jni.cpp, line 579]
Event: 1.965 Thread 0x000001905520e450 Exception <a 'sun/nio/fs/WindowsException'{0x00000007080d17f0}> (0x00000007080d17f0) 
thrown [c:\wsjdk\correttojdksrc\installers\windows\zip\corretto-build\buildroot\src\hotspot\share\prims\jni.cpp, line 579]
Event: 1.976 Thread 0x000001905520e450 Exception <a 'java/lang/NoSuchMethodError'{0x0000000708160938}: 'void java.lang.invoke.DirectMethodHandle$Holder.invokeInterface(java.lang.Object, java.lang.Object)'> (0x0000000708160938) 
thrown [c:\wsjdk\correttojdksrc\installers\windows\zip\corretto-build\buildroot\src\hotspot\share\interpreter\linkResolver.cpp, line 790]

Events (20 events):
Event: 1.974 loading class sun/nio/cs/Surrogate done
Event: 1.992 Executing  VM operation: ICBufferFull
Event: 1.992 Executing  VM operation: ICBufferFull done
Event: 1.996 loading class jdk/internal/reflect/UnsafeQualifiedObjectFieldAccessorImpl
Event: 1.996 loading class jdk/internal/reflect/UnsafeQualifiedFieldAccessorImpl
Event: 1.996 loading class jdk/internal/reflect/UnsafeQualifiedFieldAccessorImpl done
Event: 1.996 loading class jdk/internal/reflect/UnsafeQualifiedObjectFieldAccessorImpl done
Event: 2.004 loading class jdk/internal/reflect/UnsafeQualifiedStaticIntegerFieldAccessorImpl
Event: 2.004 loading class jdk/internal/reflect/UnsafeQualifiedStaticIntegerFieldAccessorImpl done
Event: 2.052 loading class java/util/ArrayList$ListItr
Event: 2.052 loading class java/util/ArrayList$ListItr done
Event: 2.052 Executing  VM operation: HandshakeAllThreads
Event: 2.052 Executing  VM operation: HandshakeAllThreads done
Event: 2.073 Executing  VM operation: G1CollectForAllocation
Event: 2.110 Executing  VM operation: G1CollectForAllocation done
Event: 2.353 Executing  VM operation: G1CollectForAllocation
Event: 2.369 Executing  VM operation: G1CollectForAllocation done
Event: 2.392 Executing  VM operation: G1CollectForAllocation
Event: 2.396 Executing  VM operation: G1CollectForAllocation done
Event: 2.443 Executing  VM operation: G1CollectForAllocation


Dynamic libraries:
0x00007ff67e5c0000 - 0x00007ff67e5cd000 	C:\Users\Administrator\.jdks\corretto-16.0.2\bin\java.exe
0x00007ffe2e480000 - 0x00007ffe2e670000 	C:\Windows\SYSTEM32\ntdll.dll
0x00007ffe2cb90000 - 0x00007ffe2cc42000 	C:\Windows\System32\KERNEL32.DLL
0x00007ffe2b6a0000 - 0x00007ffe2b943000 	C:\Windows\System32\KERNELBASE.dll
0x00007ffe2b410000 - 0x00007ffe2b50a000 	C:\Windows\System32\ucrtbase.dll
0x00007ffe18620000 - 0x00007ffe18638000 	C:\Users\Administrator\.jdks\corretto-16.0.2\bin\jli.dll
0x00007ffe11740000 - 0x00007ffe11755000 	C:\Users\Administrator\.jdks\corretto-16.0.2\bin\VCRUNTIME140.dll
0x00007ffe2d0f0000 - 0x00007ffe2d284000 	C:\Windows\System32\USER32.dll
0x00007ffe2b670000 - 0x00007ffe2b691000 	C:\Windows\System32\win32u.dll
0x00007ffe20400000 - 0x00007ffe20685000 	C:\Windows\WinSxS\amd64_microsoft.windows.common-controls_6595b64144ccf1df_6.0.18362.418_none_e6c6b287130d565d\COMCTL32.dll
0x00007ffe2cb50000 - 0x00007ffe2cb76000 	C:\Windows\System32\GDI32.dll
0x00007ffe2c990000 - 0x00007ffe2ca2e000 	C:\Windows\System32\msvcrt.dll
0x00007ffe2cdb0000 - 0x00007ffe2d0e6000 	C:\Windows\System32\combase.dll
0x00007ffe2c2a0000 - 0x00007ffe2c434000 	C:\Windows\System32\gdi32full.dll
0x00007ffe2d490000 - 0x00007ffe2d5b0000 	C:\Windows\System32\RPCRT4.dll
0x00007ffe2b950000 - 0x00007ffe2b9d0000 	C:\Windows\System32\bcryptPrimitives.dll
0x00007ffe2c440000 - 0x00007ffe2c4de000 	C:\Windows\System32\msvcp_win.dll
0x00007ffe2c830000 - 0x00007ffe2c85e000 	C:\Windows\System32\IMM32.DLL
0x00007ffdf2710000 - 0x00007ffdf27ab000 	C:\Users\Administrator\.jdks\corretto-16.0.2\bin\msvcp140.dll
0x00007ffdec240000 - 0x00007ffdece49000 	C:\Users\Administrator\.jdks\corretto-16.0.2\bin\server\jvm.dll
0x00007ffe2ca30000 - 0x00007ffe2cad3000 	C:\Windows\System32\ADVAPI32.dll
0x00007ffe2d290000 - 0x00007ffe2d327000 	C:\Windows\System32\sechost.dll
0x00007ffe2c530000 - 0x00007ffe2c538000 	C:\Windows\System32\PSAPI.DLL
0x00007ffe1d6c0000 - 0x00007ffe1d6c9000 	C:\Windows\SYSTEM32\WSOCK32.dll
0x00007ffe24e80000 - 0x00007ffe24ea4000 	C:\Windows\SYSTEM32\WINMM.dll
0x00007ffe25060000 - 0x00007ffe2506a000 	C:\Windows\SYSTEM32\VERSION.dll
0x00007ffe2cae0000 - 0x00007ffe2cb4f000 	C:\Windows\System32\WS2_32.dll
0x00007ffe24e50000 - 0x00007ffe24e7d000 	C:\Windows\SYSTEM32\WINMMBASE.dll
0x00007ffe2c4e0000 - 0x00007ffe2c52a000 	C:\Windows\System32\cfgmgr32.dll
0x00007ffe2b380000 - 0x00007ffe2b391000 	C:\Windows\System32\kernel.appcore.dll
0x00007ffe21670000 - 0x00007ffe2167a000 	C:\Users\Administrator\.jdks\corretto-16.0.2\bin\jimage.dll
0x00007ffe1ffb0000 - 0x00007ffe201a4000 	C:\Windows\SYSTEM32\DBGHELP.DLL
0x00007ffe1f840000 - 0x00007ffe1f86a000 	C:\Windows\SYSTEM32\dbgcore.DLL
0x00007ffe0e5a0000 - 0x00007ffe0e5c5000 	C:\Users\Administrator\.jdks\corretto-16.0.2\bin\java.dll
0x00007ffe2db50000 - 0x00007ffe2e235000 	C:\Windows\System32\SHELL32.dll
0x00007ffe2c860000 - 0x00007ffe2c909000 	C:\Windows\System32\shcore.dll
0x00007ffe2b9d0000 - 0x00007ffe2c14f000 	C:\Windows\System32\windows.storage.dll
0x00007ffe2b360000 - 0x00007ffe2b37f000 	C:\Windows\System32\profapi.dll
0x00007ffe2b3c0000 - 0x00007ffe2b40a000 	C:\Windows\System32\powrprof.dll
0x00007ffe2b350000 - 0x00007ffe2b360000 	C:\Windows\System32\UMPDC.dll
0x00007ffe2d680000 - 0x00007ffe2d6d2000 	C:\Windows\System32\shlwapi.dll
0x00007ffe2b5a0000 - 0x00007ffe2b5b7000 	C:\Windows\System32\cryptsp.dll
0x00007ffe0e720000 - 0x00007ffe0e739000 	C:\Users\Administrator\.jdks\corretto-16.0.2\bin\net.dll
0x00007ffe27ab0000 - 0x00007ffe27ba0000 	C:\Windows\SYSTEM32\WINHTTP.dll
0x00007ffe2ab60000 - 0x00007ffe2abc7000 	C:\Windows\system32\mswsock.dll
0x00007ffe0e580000 - 0x00007ffe0e593000 	C:\Users\Administrator\.jdks\corretto-16.0.2\bin\nio.dll
0x00007ffe0b5f0000 - 0x00007ffe0b608000 	C:\Users\Administrator\.jdks\corretto-16.0.2\bin\zip.dll
0x00007ffe1e280000 - 0x00007ffe1e289000 	C:\Users\Administrator\.jdks\corretto-16.0.2\bin\management.dll
0x00007ffe1b5c0000 - 0x00007ffe1b5cb000 	C:\Users\Administrator\.jdks\corretto-16.0.2\bin\management_ext.dll
0x00007ffe1ddc0000 - 0x00007ffe1ddd6000 	C:\Windows\system32\napinsp.dll
0x00007ffe1dda0000 - 0x00007ffe1ddba000 	C:\Windows\system32\pnrpnsp.dll
0x00007ffe2a8b0000 - 0x00007ffe2a97a000 	C:\Windows\SYSTEM32\DNSAPI.dll
0x00007ffe2cb80000 - 0x00007ffe2cb88000 	C:\Windows\System32\NSI.dll
0x00007ffe2a870000 - 0x00007ffe2a8aa000 	C:\Windows\SYSTEM32\IPHLPAPI.DLL
0x00007ffe1dd90000 - 0x00007ffe1dd9e000 	C:\Windows\System32\winrnr.dll
0x00007ffe273a0000 - 0x00007ffe273bc000 	C:\Windows\system32\NLAapi.dll
0x00007ffe1dd70000 - 0x00007ffe1dd85000 	C:\Windows\system32\wshbth.dll
0x00007ffe26050000 - 0x00007ffe2605a000 	C:\Windows\System32\rasadhlp.dll
0x00007ffe26940000 - 0x00007ffe269b7000 	C:\Windows\System32\fwpuclnt.dll
0x00007ffe2b570000 - 0x00007ffe2b596000 	C:\Windows\System32\bcrypt.dll
0x00007ffe2a3b0000 - 0x00007ffe2a3e1000 	C:\Windows\SYSTEM32\ntmarta.dll
0x00007ffe1e360000 - 0x00007ffe1e370000 	C:\Users\Administrator\.jdks\corretto-16.0.2\bin\verify.dll
0x00007ffe2a6d0000 - 0x00007ffe2a703000 	C:\Windows\system32\rsaenh.dll
0x00007ffe2b240000 - 0x00007ffe2b265000 	C:\Windows\SYSTEM32\USERENV.dll
0x00007ffe2ad30000 - 0x00007ffe2ad3c000 	C:\Windows\SYSTEM32\CRYPTBASE.dll
0x00007ffe27140000 - 0x00007ffe27156000 	C:\Windows\SYSTEM32\dhcpcsvc6.DLL
0x00007ffe277a0000 - 0x00007ffe277bc000 	C:\Windows\SYSTEM32\dhcpcsvc.DLL

dbghelp: loaded successfully - version: 4.0.5 - missing functions: none
symbol engine: initialized successfully - sym options: 0x614 - pdb path: .;C:\Users\Administrator\.jdks\corretto-16.0.2\bin;C:\Windows\SYSTEM32;C:\Windows\WinSxS\amd64_microsoft.windows.common-controls_6595b64144ccf1df_6.0.18362.418_none_e6c6b287130d565d;C:\Users\Administrator\.jdks\corretto-16.0.2\bin\server

VM Arguments:
jvm_args: -Dfabric.dli.config=C:\Users\Administrator\IdeaProjects\halloween\.gradle\loom-cache\launch.cfg -Dfabric.dli.env=client -Dfabric.dli.main=net.fabricmc.loader.launch.knot.KnotClient -XX:+ShowCodeDetailsInExceptionMessages -Dfile.encoding=x-windows-949 -Duser.country=KR -Duser.language=ko -Duser.variant 
java_command: net.fabricmc.devlaunchinjector.Main 
java_class_path (initial): C:\Users\Administrator\IdeaProjects\halloween\build\classes\java\main;C:\Users\Administrator\IdeaProjects\halloween\build\resources\main;C:\Users\Administrator\.gradle\caches\fabric-loom\yarn-1.17.1+build.52-v2-final.jar;C:\Users\Administrator\.gradle\caches\modules-2\files-2.1\net.fabricmc\tiny-mappings-parser\0.2.2.14\b7020df2520820f670dfaedd2cf23666d24a2aa8\tiny-mappings-parser-0.2.2.14.jar;C:\Users\Administrator\.gradle\caches\modules-2\files-2.1\net.fabricmc\sponge-mixin\0.9.4+mixin.0.8.2\ef410951e94c7f4939cc74c86f8df371827818a4\sponge-mixin-0.9.4+mixin.0.8.2.jar;C:\Users\Administrator\.gradle\caches\modules-2\files-2.1\net.fabricmc\tiny-remapper\0.4.2\815d2f38e460a669148f996c91ae415df567668a\tiny-remapper-0.4.2.jar;C:\Users\Administrator\.gradle\caches\modules-2\files-2.1\net.fabricmc\access-widener\1.0.0\22264da061b12132ecfe15f68e0a90a11b14e6f9\access-widener-1.0.0.jar;C:\Users\Administrator\.gradle\caches\modules-2\files-2.1\net.fabricmc\fabric-loader-sat4j\2.3.5.4\f8fe5353909430b5845ae24ea1e01d83f12ad916\fabric-loader-sat4j-2.3.5.4.jar;C:\Users\Administrator\.gradle\caches\modules-2\files-2.1\com.google.jimfs\jimfs\1.2-fabric\c3705f1acc511edb8ad4fd4e86ae4634a25315bb\jimfs-1.2-fabric.jar;C:\Users\Administrator\.gradle\caches\modules-2\files-2.1\org.ow2.asm\asm\9.1\a99500cf6eea30535eeac6be73899d048f8d12a8\asm-9.1.jar;C:\Users\Administrator\.gradle\caches\modules-2\files-2.1\org.ow2.asm\asm-analysis\9.1\4f61b83b81d8b659958f4bcc48907e93ecea55a0\asm-analysis-9.1.jar;C:\Users\Administrator\.gradle\caches\modules-2\files-2.1\org.ow2.asm\asm-commons\9.1\8b971b182eb5cf100b9e8d4119152d83e00e0fdd\asm-commons-9.1.jar;C:\Users\Administrator\.gradle\caches\modules-2\files-2.1\org.ow2.asm\asm-tree\9.1\c333f2a855069cb8eb17a40a3eb8b1b67755d0eb\asm-tree-9.1.jar;C:\Users\Administrator\.gradle\caches\modules-2\files-2.1\org.ow2.asm\asm-util\9.1\36464a45d871779f3383a8a9aba2b26562a86729\asm-util-9.1.jar;C:\Users\Administrator\.gradle\caches\modules-2
Launcher Type: SUN_STANDARD

[Global flags]
     intx CICompilerCount                          = 3                                         {product} {ergonomic}
     uint ConcGCThreads                            = 2                                         {product} {ergonomic}
     uint G1ConcRefinementThreads                  = 6                                         {product} {ergonomic}
   size_t G1HeapRegionSize                         = 2097152                                   {product} {ergonomic}
    uintx GCDrainStackTargetSize                   = 64                                        {product} {ergonomic}
   size_t InitialHeapSize                          = 268435456                                 {product} {ergonomic}
   size_t MarkStackSize                            = 4194304                                   {product} {ergonomic}
   size_t MaxHeapSize                              = 4278190080                                {product} {ergonomic}
   size_t MaxNewSize                               = 2566914048                                {product} {ergonomic}
   size_t MinHeapDeltaBytes                        = 2097152                                   {product} {ergonomic}
   size_t MinHeapSize                              = 8388608                                   {product} {ergonomic}
    uintx NonNMethodCodeHeapSize                   = 5832780                                {pd product} {ergonomic}
    uintx NonProfiledCodeHeapSize                  = 122912730                              {pd product} {ergonomic}
    uintx ProfiledCodeHeapSize                     = 122912730                              {pd product} {ergonomic}
    uintx ReservedCodeCacheSize                    = 251658240                              {pd product} {ergonomic}
     bool SegmentedCodeCache                       = true                                      {product} {ergonomic}
     bool ShowCodeDetailsInExceptionMessages       = true                                   {manageable} {command line}
   size_t SoftMaxHeapSize                          = 4278190080                             {manageable} {ergonomic}
     bool UseCompressedClassPointers               = true                           {product lp64_product} {ergonomic}
     bool UseCompressedOops                        = true                           {product lp64_product} {ergonomic}
     bool UseG1GC                                  = true                                      {product} {ergonomic}
     bool UseLargePagesIndividualAllocation        = false                                  {pd product} {ergonomic}

Logging:
Log output configuration:
 #0: stdout all=warning uptime,level,tags
 #1: stderr all=off uptime,level,tags

Environment Variables:
PATH=C:\Windows\system32;C:\Windows;C:\Windows\System32\Wbem;C:\Windows\System32\WindowsPowerShell\v1.0\;C:\Windows\System32\OpenSSH\;C:\Program Files (x86)\NVIDIA Corporation\PhysX\Common;C:\Users\Administrator\AppData\Local\Microsoft\WindowsApps;C:\Program Files\Bandizip\
USERNAME=Administrator
OS=Windows_NT
PROCESSOR_IDENTIFIER=Intel64 Family 6 Model 158 Stepping 10, GenuineIntel



---------------  S Y S T E M  ---------------

OS:
 Windows 10 , 64 bit Build 18362 (10.0.18362.329)
OS uptime: 0 days 2:36 hours

CPU: total 6 (initial active 6) (6 cores per cpu, 1 threads per core) family 6 model 158 stepping 10 microcode 0xb4, cx8, cmov, fxsr, mmx, 3dnowpref, sse, sse2, sse3, ssse3, sse4.1, sse4.2, popcnt, lzcnt, tsc, tscinvbit, avx, avx2, aes, erms, clmul, bmi1, bmi2, adx, fma, vzeroupper, clflush, clflushopt

Memory: 4k page, system-wide physical 16316M (1213M free)
TotalPageFile size 29107M (AvailPageFile size 114M)
current process WorkingSet (physical memory assigned to process): 369M, peak: 372M
current process commit charge ("private bytes"): 439M, peak: 622M

vm_info: OpenJDK 64-Bit Server VM (16.0.2+7) for windows-amd64 JRE (16.0.2+7), built on Jul 22 2021 01:11:46 by "Administrator" with MS VC++ 15.9 (VS2017)

END.
